  E.cpp
C:\Users\Administrator\Documents\下午茶\1743\E\E\E.cpp(15,21): warning C4244: “参数”: 从“__int64”转换到“const unsigned int”，可能丢失数据
C:\Users\Administrator\Documents\下午茶\1743\E\E\E.cpp(22,27): warning C4244: “参数”: 从“const _Ty”转换到“const unsigned int”，可能丢失数据
          with
          [
              _Ty=__int64
          ]
C:\Users\Administrator\Documents\下午茶\1743\E\E\E.cpp(22,60): warning C4244: “参数”: 从“const _Ty”转换到“const unsigned int”，可能丢失数据
          with
          [
              _Ty=__int64
          ]
C:\Users\Administrator\Documents\下午茶\1743\E\E\E.cpp(30,42): warning C4244: “参数”: 从“const _Ty”转换到“const unsigned int”，可能丢失数据
          with
          [
              _Ty=__int64
          ]
C:\Users\Administrator\Documents\下午茶\1743\E\E\E.cpp(36,42): warning C4244: “参数”: 从“const _Ty”转换到“const unsigned int”，可能丢失数据
          with
          [
              _Ty=__int64
          ]
C:\Users\Administrator\Documents\下午茶\1743\E\E\E.cpp(40,16): warning C4244: “参数”: 从“__int64”转换到“const unsigned int”，可能丢失数据
  E.vcxproj -> C:\Users\Administrator\Documents\下午茶\1743\E\Debug\E.exe
